<?xml version="1.0" encoding="UTF-8"?>
<testng-results ignored="0" total="1" passed="1" failed="0" skipped="0">
  <reporter-output>
  </reporter-output>
  <suite started-at="2024-01-20T00:20:13 EET" name="Default suite" finished-at="2024-01-20T00:20:57 EET" duration-ms="43790">
    <groups>
    </groups>
    <test started-at="2024-01-20T00:20:13 EET" name="Default test" finished-at="2024-01-20T00:20:57 EET" duration-ms="43790">
      <class name="newProject.testCases">
        <test-method is-config="true" signature="setup()[pri:0, instance:newProject.testCases@1623134f]" started-at="2024-01-20T00:20:13 EET" name="setup" finished-at="2024-01-20T00:20:18 EET" duration-ms="4709" status="PASS">
          <reporter-output>
          </reporter-output>
        </test-method> <!-- setup -->
        <test-method signature="myTest()[pri:0, instance:newProject.testCases@1623134f]" started-at="2024-01-20T00:20:18 EET" name="myTest" finished-at="2024-01-20T00:20:57 EET" duration-ms="39056" status="PASS">
          <reporter-output>
          </reporter-output>
        </test-method> <!-- myTest -->
        <test-method is-config="true" signature="postTest()[pri:0, instance:newProject.testCases@1623134f]" started-at="2024-01-20T00:20:57 EET" name="postTest" finished-at="2024-01-20T00:20:57 EET" duration-ms="0" status="PASS">
          <reporter-output>
          </reporter-output>
        </test-method> <!-- postTest -->
      </class> <!-- newProject.testCases -->
    </test> <!-- Default test -->
  </suite> <!-- Default suite -->
</testng-results>
