<?xml version="1.0" encoding="UTF-8"?>
<testng-results ignored="0" total="1" passed="1" failed="0" skipped="0">
  <reporter-output>
  </reporter-output>
  <suite started-at="2024-02-25T20:03:06 EET" name="Default suite" finished-at="2024-02-25T20:04:00 EET" duration-ms="54288">
    <groups>
    </groups>
    <test started-at="2024-02-25T20:03:06 EET" name="Default test" finished-at="2024-02-25T20:04:00 EET" duration-ms="54288">
      <class name="newProject.testCases">
        <test-method is-config="true" signature="setup()[pri:0, instance:newProject.testCases@2f9a01c1]" started-at="2024-02-25T20:03:06 EET" name="setup" finished-at="2024-02-25T20:03:12 EET" duration-ms="5934" status="PASS">
          <reporter-output>
          </reporter-output>
        </test-method> <!-- setup -->
        <test-method signature="myTest()[pri:0, instance:newProject.testCases@2f9a01c1]" started-at="2024-02-25T20:03:12 EET" name="myTest" finished-at="2024-02-25T20:04:00 EET" duration-ms="48293" status="PASS">
          <reporter-output>
          </reporter-output>
        </test-method> <!-- myTest -->
        <test-method is-config="true" signature="postTest()[pri:0, instance:newProject.testCases@2f9a01c1]" started-at="2024-02-25T20:04:00 EET" name="postTest" finished-at="2024-02-25T20:04:00 EET" duration-ms="0" status="PASS">
          <reporter-output>
          </reporter-output>
        </test-method> <!-- postTest -->
      </class> <!-- newProject.testCases -->
    </test> <!-- Default test -->
  </suite> <!-- Default suite -->
</testng-results>
